<?xml version="1.0" encoding="UTF-8"?>
<!-- Generated by org.testng.reporters.JUnitReportReporter -->
<testsuite hostname="DESKTOP-QV8H481" failures="0" tests="1" name="org.example.testRunner.runners" time="9.230" errors="0" timestamp="2022-08-09T14:44:31 EET" skipped="0">
  <testcase classname="org.example.testRunner.runners" name="runScenario" time="9.230"/>
  <system-out/>
</testsuite> <!-- org.example.testRunner.runners -->
